<?xml version="1.0" encoding="UTF-8"?>
<!-- Generated by org.testng.reporters.JUnitReportReporter -->
<testsuite hostname="Abhishek-Laptop" failures="0" tests="2" name="com.excelr.ProjectWebMath.TestRunner.QuickHelpTest" time="74.557" errors="0" timestamp="25 Feb 2023 17:16:18 GMT" skipped="0">
  <testcase classname="com.excelr.ProjectWebMath.TestRunner.QuickHelpTest" name="inputZeroUnacceptableForFractionToDecimal" time="31.572"/>
  <testcase classname="com.excelr.ProjectWebMath.TestRunner.QuickHelpTest" name="convertTemperature" time="42.985"/>
</testsuite> <!-- com.excelr.ProjectWebMath.TestRunner.QuickHelpTest -->
