<?xml version="1.0" encoding="UTF-8"?>
<!-- Generated by org.testng.reporters.JUnitReportReporter -->
<testsuite hostname="Abhishek-Laptop" failures="0" tests="2" name="com.excelr.ProjectWebMath.TestRunner.KindergartenGrade08Test" time="33.575" errors="0" timestamp="26 Feb 2023 09:55:43 GMT" skipped="0">
  <testcase classname="com.excelr.ProjectWebMath.TestRunner.KindergartenGrade08Test" name="fractionNumeratorSmallerThanDenominator" time="18.483"/>
  <testcase classname="com.excelr.ProjectWebMath.TestRunner.KindergartenGrade08Test" name="studyRectangle" time="15.092"/>
</testsuite> <!-- com.excelr.ProjectWebMath.TestRunner.KindergartenGrade08Test -->
