<?xml version="1.0" encoding="UTF-8"?>
<!-- Generated by org.testng.reporters.JUnitReportReporter -->
<testsuite hostname="Abhishek-Laptop" failures="0" tests="2" name="com.excelr.ProjectWebMath.TestRunner.QuickHelpTest" time="43.031" errors="0" timestamp="26 Feb 2023 09:55:43 GMT" skipped="0">
  <testcase classname="com.excelr.ProjectWebMath.TestRunner.QuickHelpTest" name="convertTemperature" time="21.782"/>
  <testcase classname="com.excelr.ProjectWebMath.TestRunner.QuickHelpTest" name="inputZeroUnacceptableForFractionToDecimal" time="21.249"/>
</testsuite> <!-- com.excelr.ProjectWebMath.TestRunner.QuickHelpTest -->
