<?xml version="1.0" encoding="UTF-8"?>
<!-- Generated by org.testng.reporters.JUnitReportReporter -->
<testsuite hostname="Abhishek-Laptop" failures="0" tests="4" name="com.excelr.ProjectOrangeHrm.TestScenario.TS_07_VerifyBuzz" time="119.855" errors="0" timestamp="23 Feb 2023 11:55:21 GMT" skipped="0">
  <testcase classname="com.excelr.ProjectOrangeHrm.TestScenario.TS_07_VerifyBuzz" name="case01_PostBuzz" time="29.845"/>
  <testcase classname="com.excelr.ProjectOrangeHrm.TestScenario.TS_07_VerifyBuzz" name="case02_EditDeleteOnlySelfBuzz" time="33.258"/>
  <testcase classname="com.excelr.ProjectOrangeHrm.TestScenario.TS_07_VerifyBuzz" name="case03_AdminCannotEditOtherBuzz" time="28.635"/>
  <testcase classname="com.excelr.ProjectOrangeHrm.TestScenario.TS_07_VerifyBuzz" name="case04_AdminCanDeleteOtherBuzz" time="28.117"/>
</testsuite> <!-- com.excelr.ProjectOrangeHrm.TestScenario.TS_07_VerifyBuzz -->
