<?xml version="1.0" encoding="UTF-8"?>
<!-- Generated by org.testng.reporters.JUnitReportReporter -->
<testsuite hostname="Abhishek-Laptop" failures="0" tests="4" name="com.excelr.ProjectOrangeHrm.TestScenario.TS_08_VerifyTime" time="213.035" errors="0" timestamp="23 Feb 2023 03:42:54 GMT" skipped="0">
  <testcase classname="com.excelr.ProjectOrangeHrm.TestScenario.TS_08_VerifyTime" name="case02_CheckSelfAttendanceRecords" time="39.392"/>
  <testcase classname="com.excelr.ProjectOrangeHrm.TestScenario.TS_08_VerifyTime" name="case01_EnterInOutPunchTime" time="69.968"/>
  <testcase classname="com.excelr.ProjectOrangeHrm.TestScenario.TS_08_VerifyTime" name="case03_MultiplePunchNotAllowedForSameDate" time="40.179"/>
  <testcase classname="com.excelr.ProjectOrangeHrm.TestScenario.TS_08_VerifyTime" name="case04_OutTimeLaterThanInTime" time="63.496"/>
</testsuite> <!-- com.excelr.ProjectOrangeHrm.TestScenario.TS_08_VerifyTime -->
