<?xml version="1.0" encoding="UTF-8"?>
<!-- Generated by org.testng.reporters.JUnitReportReporter -->
<testsuite hostname="Abhishek-Laptop" failures="0" tests="1" name="com.excelr.ProjectOrangeHrm.TestScenario.demo" time="50.804" errors="0" timestamp="22 Feb 2023 09:43:47 GMT" skipped="0">
  <testcase classname="com.excelr.ProjectOrangeHrm.TestScenario.demo" name="case03_UnableToAddCandidateForClosedVacancy" time="50.804"/>
</testsuite> <!-- com.excelr.ProjectOrangeHrm.TestScenario.demo -->
