<?xml version="1.0" encoding="UTF-8"?>
<!-- Generated by org.testng.reporters.JUnitReportReporter -->
<testsuite hostname="Abhishek-Laptop" failures="0" tests="1" name="com.excelr.ProjectOrangeHrm.TestScenario.TS_03_VerifyAddUser" time="38.287" errors="0" timestamp="23 Feb 2023 13:09:38 GMT" skipped="0">
  <testcase classname="com.excelr.ProjectOrangeHrm.TestScenario.TS_03_VerifyAddUser" name="case03_NoRepeatEmployeeId" time="38.287"/>
</testsuite> <!-- com.excelr.ProjectOrangeHrm.TestScenario.TS_03_VerifyAddUser -->
