<?xml version="1.0" encoding="UTF-8"?>
<!-- Generated by org.testng.reporters.JUnitReportReporter -->
<testsuite hostname="Abhishek-Laptop" failures="0" tests="1" name="com.excelr.ProjectOrangeHrm.TestScenario.TS_04_VerifyLeave" time="37.518" errors="0" timestamp="23 Feb 2023 10:31:40 GMT" skipped="0">
  <testcase classname="com.excelr.ProjectOrangeHrm.TestScenario.TS_04_VerifyLeave" name="case03_ApplyLeaveForCurrentYearOnly" time="37.518"/>
</testsuite> <!-- com.excelr.ProjectOrangeHrm.TestScenario.TS_04_VerifyLeave -->
