<?xml version="1.0" encoding="UTF-8"?>
<!-- Generated by org.testng.reporters.JUnitReportReporter -->
<testsuite hostname="Abhishek-Laptop" failures="0" tests="4" name="com.excelr.ProjectOrangeHrm.TestScenario.TS_06_VerifyRecruitment" time="180.668" errors="0" timestamp="22 Feb 2023 09:23:44 GMT" skipped="0">
  <testcase classname="com.excelr.ProjectOrangeHrm.TestScenario.TS_06_VerifyRecruitment" name="case03_UnableToAddCandidateForClosedVacancy" time="47.226"/>
  <testcase classname="com.excelr.ProjectOrangeHrm.TestScenario.TS_06_VerifyRecruitment" name="case04_UnableToModifyRejectedCandidateStatus" time="55.293"/>
  <testcase classname="com.excelr.ProjectOrangeHrm.TestScenario.TS_06_VerifyRecruitment" name="case02_AddCandidateForOpenVacancy" time="39.295"/>
  <testcase classname="com.excelr.ProjectOrangeHrm.TestScenario.TS_06_VerifyRecruitment" name="case01_AddNewVacancy" time="38.854"/>
</testsuite> <!-- com.excelr.ProjectOrangeHrm.TestScenario.TS_06_VerifyRecruitment -->
