<?xml version="1.0" encoding="UTF-8"?>
<!-- Generated by org.testng.reporters.JUnitReportReporter -->
<testsuite hostname="Abhishek-Laptop" failures="0" tests="3" name="com.excelr.ProjectOrangeHrm.TestScenario.TS_02_VerifyForgotPassword" time="162.210" errors="0" timestamp="23 Feb 2023 14:19:49 GMT" skipped="0">
  <testcase classname="com.excelr.ProjectOrangeHrm.TestScenario.TS_02_VerifyForgotPassword" name="case02_ResetPasswordLinkNotReceivedOnUserEmail" time="109.346"/>
  <testcase classname="com.excelr.ProjectOrangeHrm.TestScenario.TS_02_VerifyForgotPassword" name="case03_NoResetPasswordErrorForInvalidUsername" time="22.324"/>
  <testcase classname="com.excelr.ProjectOrangeHrm.TestScenario.TS_02_VerifyForgotPassword" name="case01_ResetPasswordValidUsername" time="30.540"/>
</testsuite> <!-- com.excelr.ProjectOrangeHrm.TestScenario.TS_02_VerifyForgotPassword -->
