<?xml version="1.0" encoding="UTF-8"?>
<!-- Generated by org.testng.reporters.JUnitReportReporter -->
<testsuite hostname="Abhishek-Laptop" failures="0" tests="4" name="com.excelr.ProjectOrangeHrm.VerifyLogin.TS01_VerifyLogin" time="81.630" errors="0" timestamp="07 Feb 2023 10:24:07 GMT" skipped="0">
  <testcase classname="com.excelr.ProjectOrangeHrm.VerifyLogin.TS01_VerifyLogin" name="case01" time="18.521"/>
  <testcase classname="com.excelr.ProjectOrangeHrm.VerifyLogin.TS01_VerifyLogin" name="case03" time="19.056"/>
  <testcase classname="com.excelr.ProjectOrangeHrm.VerifyLogin.TS01_VerifyLogin" name="case04" time="25.780"/>
  <testcase classname="com.excelr.ProjectOrangeHrm.VerifyLogin.TS01_VerifyLogin" name="case02" time="18.273"/>
</testsuite> <!-- com.excelr.ProjectOrangeHrm.VerifyLogin.TS01_VerifyLogin -->
