<?xml version="1.0" encoding="UTF-8"?>
<!-- Generated by org.testng.reporters.JUnitReportReporter -->
<testsuite hostname="Abhishek-Laptop" failures="0" tests="4" name="com.excelr.ProjectOrangeHrm.TestScenario.TS_01_VerifyLogin" time="136.979" errors="0" timestamp="23 Feb 2023 14:39:42 GMT" skipped="0">
  <testcase classname="com.excelr.ProjectOrangeHrm.TestScenario.TS_01_VerifyLogin" name="case03_NoLoginWithInvalidCredentials" time="29.472"/>
  <testcase classname="com.excelr.ProjectOrangeHrm.TestScenario.TS_01_VerifyLogin" name="case01_LoginwithValidCredentials" time="41.681"/>
  <testcase classname="com.excelr.ProjectOrangeHrm.TestScenario.TS_01_VerifyLogin" name="case04_ValidUsernameInvalidPasswordNoLogin" time="30.627"/>
  <testcase classname="com.excelr.ProjectOrangeHrm.TestScenario.TS_01_VerifyLogin" name="case02_UsernameForLoginNotCaseSensitive" time="35.199"/>
</testsuite> <!-- com.excelr.ProjectOrangeHrm.TestScenario.TS_01_VerifyLogin -->
